/*C4*/SET SCHEMA PUBLIC
DROP USER ZIEZIX
DROP ROLE HMUSER
DROP TABLE HM.PATIENTS
DROP SCHEMA HM
CREATE SCHEMA HM AUTHORIZATION SA
create table HM.PATIENTS (ID INT PRIMARY KEY GENERATED BY DEFAULT AS IDENTITY, INSURANCE_NUMBER INT, NATIONAL_ID INT UNIQUE, NAME CHAR(64), DATE_OF_BIRTH DATE, MOTHER_NAME CHAR(64))
SET SCHEMA HM
INSERT INTO PATIENTS VALUES(0,1,1,'AHMET                                                           ','1960-01-01','MOTHER                                                          ')
COMMIT
INSERT INTO PATIENTS VALUES(1,2,2,'PAUL                                                            ','1970-01-01','MOTHER                                                          ')
COMMIT
INSERT INTO PATIENTS VALUES(2,3,3,'PAUL3                                                           ','1970-01-01','MOTHER3                                                         ')
COMMIT
INSERT INTO PATIENTS VALUES(3,4,4,'PAUL4                                                           ','1970-01-01','MOTHER4                                                         ')
COMMIT
SET SCHEMA PUBLIC
CREATE USER ZIEZIX PASSWORD ZZ360
CREATE ROLE HMUSER
GRANT HMUSER TO ZIEZIX
GRANT SELECT, UPDATE, INSERT ON TABLE HM.PATIENTS TO HMUSER
DISCONNECT
/*C5*/SET SCHEMA PUBLIC
DISCONNECT
